------------------------------------------------------------------------------------------------------------------------------------------------------------------------------------------------------
      name:  <unnamed>
       log:  C:\Users\Win\OneDrive - Chulalongkorn University\Chula\junior2\Microecono\reproduce_project\02_logfile\Table_VII.log
  log type:  text
 opened on:   8 Apr 2020, 20:19:13

. 
. use "C:\Users\Win\OneDrive - Chulalongkorn University\Chula\junior2\Microecono\reproduce_project\raw_data.dta"

. rename v1 AGE

. rename v2 AGEQ

. rename v4 EDUC

. rename v5 ENOCENT

. rename v6 ESOCENT

. rename v9 LWKLYWGE

. rename v10 MARRIED

. rename v11 MIDATL

. rename v12 MT

. rename v13 NEWENG

. rename v16 CENSUS

. rename v17 SOB

. rename v18 QOB

. rename v19 RACE

. rename v20 SMSA

. rename v21 SOATL

. rename v24 WNOCENT

. rename v25 WSOCENT

. rename v27 YOB

. 
. **********  YOB dummies **********
. replace YOB=YOB-1900 if YOB >=1900
(247,199 real changes made)

. 
. foreach i of numlist 0/9 {
  2. gen YR`i'=0
  3. replace YR`i'=1 if YOB==20+`i' | YOB==30+`i' | YOB==40+`i' 
  4. }
(95,545 real changes made)
(93,948 real changes made)
(101,493 real changes made)
(101,445 real changes made)
(101,851 real changes made)
(102,153 real changes made)
(111,229 real changes made)
(120,407 real changes made)
(117,529 real changes made)
(118,034 real changes made)

. **********  QOB dummies ***********
. foreach i of numlist 1/4 {
  2. gen QTR`i'=0
  3. replace QTR`i'=1 if QOB==`i'
  4. }
(262,019 real changes made)
(255,733 real changes made)
(280,749 real changes made)
(265,133 real changes made)

. **********  QOB*YOB dummies ********
. foreach j of numlist 1/3 {
  2. foreach i of numlist 0/9 {
  3. gen QTR`j'YR`i'=QTR`j'*YR`i'
  4. }
  5. }

. **********  Select Particular Men Born ********
. gen COHORT=2029

. replace COHORT=3039 if YOB<=39 & YOB >=30
(329,509 real changes made)

. replace COHORT=4049 if YOB<=49 & YOB >=40
(486,926 real changes made)

. replace AGEQ=AGEQ-1900 if CENSUS==80
(816,435 real changes made)

. gen AGEQSQ= AGEQ*AGEQ

. *************************************
. keep if COHORT>3000 & COHORT <3040
(734,125 observations deleted)

. *************************************
. tabulate SOB, generate(state)

        SOB |      Freq.     Percent        Cum.
------------+-----------------------------------
          1 |      8,536        2.59        2.59
          2 |         78        0.02        2.61
          4 |      1,066        0.32        2.94
          5 |      5,794        1.76        4.70
          6 |     11,078        3.36        8.06
          8 |      2,818        0.86        8.91
          9 |      3,844        1.17       10.08
         10 |        598        0.18       10.26
         11 |      1,237        0.38       10.64
         12 |      3,913        1.19       11.82
         13 |      8,411        2.55       14.38
         15 |        246        0.07       14.45
         16 |      1,599        0.49       14.94
         17 |     18,375        5.58       20.51
         18 |      8,918        2.71       23.22
         19 |      6,699        2.03       25.25
         20 |      4,807        1.46       26.71
         21 |      8,933        2.71       29.42
         22 |      5,975        1.81       31.24
         23 |      2,424        0.74       31.97
         24 |      4,139        1.26       33.23
         25 |      9,955        3.02       36.25
         26 |     14,077        4.27       40.52
         27 |      7,170        2.18       42.70
         28 |      5,864        1.78       44.48
         29 |      9,274        2.81       47.29
         30 |      1,407        0.43       47.72
         31 |      3,488        1.06       48.78
         32 |        308        0.09       48.87
         33 |      1,200        0.36       49.23
         34 |      8,964        2.72       51.95
         35 |      1,325        0.40       52.36
         36 |     29,015        8.81       61.16
         37 |     10,798        3.28       64.44
         38 |      2,028        0.62       65.05
         39 |     17,070        5.18       70.24
         40 |      6,950        2.11       72.34
         41 |      2,127        0.65       72.99
         42 |     26,385        8.01       81.00
         44 |      1,698        0.52       81.51
         45 |      5,245        1.59       83.10
         46 |      1,754        0.53       83.64
         47 |      8,335        2.53       86.17
         48 |     15,932        4.84       91.00
         49 |      1,999        0.61       91.61
         50 |        999        0.30       91.91
         51 |      7,319        2.22       94.13
         53 |      3,610        1.10       95.23
         54 |      6,412        1.95       97.17
         55 |      8,607        2.61       99.79
         56 |        706        0.21      100.00
------------+-----------------------------------
      Total |    329,509      100.00

. 
. foreach j of numlist 1/3 {
  2. foreach i of numlist 1/51 {
  3. gen QTR`j'state`i'=QTR`j'*state`i'
  4. }
  5. }

. **********  Start Regression ********
. eststo clear

. 
. reg  LWKLYWGE EDUC  YR0-YR8 state1-state51
note: state12 omitted because of collinearity

      Source |       SS           df       MS      Number of obs   =   329,509
-------------+----------------------------------   F(60, 329448)   =    811.65
       Model |  19554.2425        60  325.904042   Prob > F        =    0.0000
    Residual |  132283.628   329,448  .401531132   R-squared       =    0.1288
-------------+----------------------------------   Adj R-squared   =    0.1286
       Total |  151837.871   329,508  .460801773   Root MSE        =    .63366

------------------------------------------------------------------------------
    LWKLYWGE |      Coef.   Std. Err.      t    P>|t|     [95% Conf. Interval]
-------------+----------------------------------------------------------------
        EDUC |    .067339   .0003464   194.38   0.000       .06666     .068018
         YR0 |    .043888   .0048194     9.11   0.000     .0344422    .0533338
         YR1 |   .0386576   .0049382     7.83   0.000      .028979    .0483363
         YR2 |   .0332282   .0048694     6.82   0.000     .0236844    .0427721
         YR3 |   .0313359   .0049293     6.36   0.000     .0216747    .0409972
         YR4 |   .0277975     .00488     5.70   0.000     .0182327    .0373622
         YR5 |   .0162329   .0048457     3.35   0.001     .0067354    .0257303
         YR6 |    .016741   .0048489     3.45   0.001     .0072373    .0262447
         YR7 |   .0115336      .0048     2.40   0.016     .0021258    .0209414
         YR8 |   .0107487   .0047557     2.26   0.024     .0014276    .0200698
      state1 |   -.152859   .0409829    -3.73   0.000    -.2331843   -.0725337
      state2 |   .1060188   .0823424     1.29   0.198      -.05537    .2674075
      state3 |  -.0063777   .0448214    -0.14   0.887    -.0942263    .0814709
      state4 |  -.1071585    .041253    -2.60   0.009    -.1880131   -.0263039
      state5 |   .0207624   .0408483     0.51   0.611     -.059299    .1008238
      state6 |  -.0318616   .0421281    -0.76   0.449    -.1144315    .0507083
      state7 |  -.0188167   .0416743    -0.45   0.652     -.100497    .0628637
      state8 |  -.0629219   .0479982    -1.31   0.190     -.156997    .0311532
      state9 |    .001203   .0442371     0.03   0.978    -.0855003    .0879064
     state10 |  -.1512518   .0416524    -3.63   0.000    -.2328894   -.0696142
     state11 |  -.1721483   .0409924    -4.20   0.000    -.2524923   -.0918044
     state12 |          0  (omitted)
     state13 |  -.0482537    .043398    -1.11   0.266    -.1333126    .0368052
     state14 |   .0528531    .040671     1.30   0.194    -.0268608    .1325671
     state15 |   .0002568   .0409551     0.01   0.995     -.080014    .0805277
     state16 |  -.0537287   .0411366    -1.31   0.192    -.1343553    .0268979
     state17 |  -.0794224   .0414225    -1.92   0.055    -.1606093    .0017644
     state18 |   -.041363   .0409595    -1.01   0.313    -.1216425    .0389165
     state19 |  -.0580409   .0412267    -1.41   0.159     -.138844    .0227622
     state20 |  -.1648115   .0424032    -3.89   0.000    -.2479205   -.0817026
     state21 |  -.0349236   .0415856    -0.84   0.401    -.1164303    .0465831
     state22 |  -.0426784   .0408978    -1.04   0.297    -.1228369      .03748
     state23 |   .0738131    .040753     1.81   0.070    -.0060616    .1536878
     state24 |   -.002692   .0410886    -0.07   0.948    -.0832245    .0778405
     state25 |  -.1739444   .0412446    -4.22   0.000    -.2547827   -.0931061
     state26 |  -.0395499   .0409342    -0.97   0.334    -.1197798      .04068
     state27 |  -.0750345   .0437912    -1.71   0.087    -.1608639    .0107949
     state28 |  -.0622796   .0418021    -1.49   0.136    -.1442105    .0196513
     state29 |   .0005417   .0541843     0.01   0.992    -.1056581    .1067414
     state30 |  -.1332677   .0443503    -3.00   0.003     -.220193   -.0463424
     state31 |   .0172122   .0409522     0.42   0.674     -.063053    .0974773
     state32 |   -.081987   .0439927    -1.86   0.062    -.1682115    .0042375
     state33 |   .0084587   .0405728     0.21   0.835    -.0710628    .0879801
     state34 |  -.2092753   .0408625    -5.12   0.000    -.2893646    -.129186
     state35 |  -.0230061   .0427819    -0.54   0.591    -.1068574    .0608452
     state36 |   .0122541   .0406917     0.30   0.763    -.0675004    .0920086
     state37 |  -.0616076   .0411105    -1.50   0.134    -.1421829    .0189678
     state38 |  -.0114042   .0426741    -0.27   0.789    -.0950442    .0722359
     state39 |  -.0220691   .0405897    -0.54   0.587    -.1016236    .0574855
     state40 |  -.1074047   .0432292    -2.48   0.013    -.1921327   -.0226767
     state41 |  -.2326626   .0413435    -5.63   0.000    -.3136947   -.1516305
     state42 |  -.0760651   .0431419    -1.76   0.078     -.160622    .0084918
     state43 |  -.1046279   .0409975    -2.55   0.011    -.1849819    -.024274
     state44 |  -.0648767   .0407127    -1.59   0.111    -.1446723     .014919
     state45 |  -.0125517    .042816    -0.29   0.769    -.0964699    .0713664
     state46 |  -.1910459   .0451031    -4.24   0.000    -.2794468   -.1026451
     state47 |  -.1208689   .0410793    -2.94   0.003    -.2013832   -.0403546
     state48 |   .0353455   .0417556     0.85   0.397    -.0464942    .1171853
     state49 |  -.0253922   .0411721    -0.62   0.537    -.1060883    .0553038
     state50 |  -.0251889   .0409749    -0.61   0.539    -.1054984    .0551206
     state51 |  -.0089115   .0469153    -0.19   0.849    -.1008642    .0830412
       _cons |   5.059838   .0407997   124.02   0.000     4.979872    5.139804
------------------------------------------------------------------------------

. eststo model1

. 
. ivregress 2sls LWKLYWGE YR0-YR8 state1-state51 (EDUC = QTR1YR0-QTR1YR9 QTR2YR0-QTR2YR9 QTR3YR0-QTR3YR9 YR0-YR8 QTR1state1-QTR3state51)
note: state51 omitted because of collinearity
note: QTR1state51 omitted because of collinearity
note: QTR2state51 omitted because of collinearity
note: QTR3state51 omitted because of collinearity

Instrumental variables (2SLS) regression          Number of obs   =    329,509
                                                  Wald chi2(60)   =   10840.05
                                                  Prob > chi2     =     0.0000
                                                  R-squared       =     0.1145
                                                  Root MSE        =     .63879

------------------------------------------------------------------------------
    LWKLYWGE |      Coef.   Std. Err.      z    P>|z|     [95% Conf. Interval]
-------------+----------------------------------------------------------------
        EDUC |   .0928181   .0093013     9.98   0.000     .0745878    .1110483
         YR0 |   .0592381   .0074135     7.99   0.000     .0447079    .0737683
         YR1 |   .0503614   .0065582     7.68   0.000     .0375075    .0632153
         YR2 |   .0431921    .006108     7.07   0.000     .0312207    .0551636
         YR3 |   .0397669   .0058439     6.80   0.000      .028313    .0512208
         YR4 |   .0352265   .0056166     6.27   0.000     .0242182    .0462348
         YR5 |   .0220221   .0053218     4.14   0.000     .0115915    .0324527
         YR6 |   .0213786   .0051726     4.13   0.000     .0112405    .0315166
         YR7 |   .0146137   .0049675     2.94   0.003     .0048776    .0243499
         YR8 |   .0117507   .0048081     2.44   0.015     .0023271    .0211744
      state1 |  -.0958563   .0305614    -3.14   0.002    -.1557556    -.035957
      state2 |   .1181339    .076229     1.55   0.121    -.0312721    .2675399
      state3 |   .0152513   .0313422     0.49   0.627    -.0461783     .076681
      state4 |  -.0539071   .0301731    -1.79   0.074    -.1130453    .0052311
      state5 |   .0231546   .0249095     0.93   0.353    -.0256671    .0719762
      state6 |  -.0159263   .0270066    -0.59   0.555    -.0688583    .0370057
      state7 |  -.0028717   .0262818    -0.11   0.913    -.0543831    .0486398
      state8 |  -.0205393   .0375453    -0.55   0.584    -.0941268    .0530482
      state9 |   .0044506   .0302017     0.15   0.883    -.0547437    .0636448
     state10 |  -.1187928   .0274983    -4.32   0.000    -.1726884   -.0648971
     state11 |  -.1097853   .0317372    -3.46   0.001     -.171989   -.0475816
     state12 |   .0183211   .0474189     0.39   0.699    -.0746183    .1112605
     state13 |   -.037721   .0288708    -1.31   0.191    -.0943068    .0188648
     state14 |   .0679997   .0246043     2.76   0.006     .0197762    .1162233
     state15 |   .0302322   .0261318     1.16   0.247    -.0209851    .0814495
     state16 |   -.033117   .0256346    -1.29   0.196      -.08336    .0171259
     state17 |  -.0670183   .0257781    -2.60   0.009    -.1175424   -.0164942
     state18 |   .0268708   .0330553     0.81   0.416    -.0379164     .091658
     state19 |   -.010302   .0291064    -0.35   0.723    -.0673495    .0467455
     state20 |  -.1243604   .0296462    -4.19   0.000    -.1824659   -.0662549
     state21 |   .0035162    .028156     0.12   0.901    -.0516686     .058701
     state22 |  -.0308458   .0249021    -1.24   0.215    -.0796531    .0179615
     state23 |   .0979389    .025255     3.88   0.000       .04844    .1474378
     state24 |   .0166365   .0254824     0.65   0.514    -.0333081    .0665811
     state25 |  -.1111915   .0321542    -3.46   0.001    -.1742126   -.0481704
     state26 |    -.00779   .0262974    -0.30   0.767     -.059332     .043752
     state27 |  -.0604353   .0295349    -2.05   0.041    -.1183226   -.0025479
     state28 |  -.0472721   .0264564    -1.79   0.074    -.0991256    .0045814
     state29 |   .0130074    .043641     0.30   0.766    -.0725274    .0985422
     state30 |  -.0989476   .0316872    -3.12   0.002    -.1610533   -.0368418
     state31 |   .0301254   .0250129     1.20   0.228     -.018899    .0791498
     state32 |  -.0472265   .0312249    -1.51   0.130    -.1084262    .0139732
     state33 |   .0145153   .0243544     0.60   0.551    -.0332185    .0622491
     state34 |  -.1519486   .0304656    -4.99   0.000      -.21166   -.0922371
     state35 |   .0023652   .0285536     0.08   0.934    -.0535988    .0583293
     state36 |   .0376965   .0252647     1.49   0.136    -.0118215    .0872144
     state37 |  -.0377201   .0258185    -1.46   0.144    -.0883235    .0128833
     state38 |   -.003414   .0277477    -0.12   0.902    -.0577985    .0509705
     state39 |   .0058225   .0253271     0.23   0.818    -.0438177    .0554626
     state40 |  -.0813353   .0292837    -2.78   0.005    -.1387303   -.0239404
     state41 |  -.1650823   .0333839    -4.94   0.000    -.2305136   -.0996511
     state42 |   -.057052   .0287098    -1.99   0.047    -.1133221   -.0007818
     state43 |  -.0433187   .0315091    -1.37   0.169    -.1050754     .018438
     state44 |   -.032293   .0260437    -1.24   0.215    -.0833377    .0187517
     state45 |  -.0125317    .028154    -0.45   0.656    -.0677126    .0426491
     state46 |  -.1518755   .0332939    -4.56   0.000    -.2171304   -.0866206
     state47 |  -.0578291   .0320029    -1.81   0.071    -.1205537    .0048955
     state48 |    .042896   .0262918     1.63   0.103    -.0086351     .094427
     state49 |   .0290023   .0302872     0.96   0.338    -.0303594    .0883641
     state50 |  -.0002172   .0256859    -0.01   0.993    -.0505607    .0501262
     state51 |          0  (omitted)
       _cons |   4.697996   .1311017    35.83   0.000     4.441041     4.95495
------------------------------------------------------------------------------
Instrumented:  EDUC
Instruments:   YR0 YR1 YR2 YR3 YR4 YR5 YR6 YR7 YR8 state1 state2 state3
               state4 state5 state6 state7 state8 state9 state10 state11
               state12 state13 state14 state15 state16 state17 state18
               state19 state20 state21 state22 state23 state24 state25
               state26 state27 state28 state29 state30 state31 state32
               state33 state34 state35 state36 state37 state38 state39
               state40 state41 state42 state43 state44 state45 state46
               state47 state48 state49 state50 QTR1YR0 QTR1YR1 QTR1YR2
               QTR1YR3 QTR1YR4 QTR1YR5 QTR1YR6 QTR1YR7 QTR1YR8 QTR1YR9
               QTR2YR0 QTR2YR1 QTR2YR2 QTR2YR3 QTR2YR4 QTR2YR5 QTR2YR6
               QTR2YR7 QTR2YR8 QTR2YR9 QTR3YR0 QTR3YR1 QTR3YR2 QTR3YR3
               QTR3YR4 QTR3YR5 QTR3YR6 QTR3YR7 QTR3YR8 QTR3YR9 QTR1state1
               QTR1state2 QTR1state3 QTR1state4 QTR1state5 QTR1state6
               QTR1state7 QTR1state8 QTR1state9 QTR1state10 QTR1state11
               QTR1state12 QTR1state13 QTR1state14 QTR1state15 QTR1state16
               QTR1state17 QTR1state18 QTR1state19 QTR1state20 QTR1state21
               QTR1state22 QTR1state23 QTR1state24 QTR1state25 QTR1state26
               QTR1state27 QTR1state28 QTR1state29 QTR1state30 QTR1state31
               QTR1state32 QTR1state33 QTR1state34 QTR1state35 QTR1state36
               QTR1state37 QTR1state38 QTR1state39 QTR1state40 QTR1state41
               QTR1state42 QTR1state43 QTR1state44 QTR1state45 QTR1state46
               QTR1state47 QTR1state48 QTR1state49 QTR1state50 QTR2state1
               QTR2state2 QTR2state3 QTR2state4 QTR2state5 QTR2state6
               QTR2state7 QTR2state8 QTR2state9 QTR2state10 QTR2state11
               QTR2state12 QTR2state13 QTR2state14 QTR2state15 QTR2state16
               QTR2state17 QTR2state18 QTR2state19 QTR2state20 QTR2state21
               QTR2state22 QTR2state23 QTR2state24 QTR2state25 QTR2state26
               QTR2state27 QTR2state28 QTR2state29 QTR2state30 QTR2state31
               QTR2state32 QTR2state33 QTR2state34 QTR2state35 QTR2state36
               QTR2state37 QTR2state38 QTR2state39 QTR2state40 QTR2state41
               QTR2state42 QTR2state43 QTR2state44 QTR2state45 QTR2state46
               QTR2state47 QTR2state48 QTR2state49 QTR2state50 QTR3state1
               QTR3state2 QTR3state3 QTR3state4 QTR3state5 QTR3state6
               QTR3state7 QTR3state8 QTR3state9 QTR3state10 QTR3state11
               QTR3state12 QTR3state13 QTR3state14 QTR3state15 QTR3state16
               QTR3state17 QTR3state18 QTR3state19 QTR3state20 QTR3state21
               QTR3state22 QTR3state23 QTR3state24 QTR3state25 QTR3state26
               QTR3state27 QTR3state28 QTR3state29 QTR3state30 QTR3state31
               QTR3state32 QTR3state33 QTR3state34 QTR3state35 QTR3state36
               QTR3state37 QTR3state38 QTR3state39 QTR3state40 QTR3state41
               QTR3state42 QTR3state43 QTR3state44 QTR3state45 QTR3state46
               QTR3state47 QTR3state48 QTR3state49 QTR3state50

. eststo model2

. 
. reg  LWKLYWGE EDUC  YR0-YR8 AGEQ AGEQSQ state1-state51
note: state12 omitted because of collinearity

      Source |       SS           df       MS      Number of obs   =   329,509
-------------+----------------------------------   F(62, 329446)   =    785.56
       Model |   19556.359        62  315.425145   Prob > F        =    0.0000
    Residual |  132281.512   329,446  .401527145   R-squared       =    0.1288
-------------+----------------------------------   Adj R-squared   =    0.1286
       Total |  151837.871   329,508  .460801773   Root MSE        =    .63366

------------------------------------------------------------------------------
    LWKLYWGE |      Coef.   Std. Err.      t    P>|t|     [95% Conf. Interval]
-------------+----------------------------------------------------------------
        EDUC |   .0673279   .0003465   194.32   0.000     .0666488     .068007
         YR0 |   .1147458   .0361219     3.18   0.001     .0439478    .1855437
         YR1 |   .1076724   .0324985     3.31   0.001     .0439762    .1713686
         YR2 |   .0988918   .0295665     3.34   0.001     .0409424    .1568412
         YR3 |   .0921438   .0269706     3.42   0.001     .0392821    .1450055
         YR4 |   .0821882   .0242674     3.39   0.001     .0346248    .1297516
         YR5 |   .0627834   .0212204     2.96   0.003      .021192    .1043748
         YR6 |   .0539495   .0175777     3.07   0.002     .0194978    .0884013
         YR7 |   .0377994   .0131587     2.87   0.004     .0120087      .06359
         YR8 |   .0246715    .008199     3.01   0.003     .0086017    .0407414
        AGEQ |  -.0757318   .0617167    -1.23   0.220    -.1966948    .0452312
      AGEQSQ |    .000752   .0006839     1.10   0.271    -.0005883    .0020923
      state1 |  -.1526971   .0409828    -3.73   0.000    -.2330222    -.072372
      state2 |   .1062657   .0823422     1.29   0.197    -.0551227    .2676541
      state3 |  -.0061827   .0448215    -0.14   0.890    -.0940315    .0816661
      state4 |  -.1070305   .0412529    -2.59   0.009    -.1878849    -.026176
      state5 |   .0209441   .0408482     0.51   0.608    -.0591172    .1010055
      state6 |  -.0316755   .0421281    -0.75   0.452    -.1142454    .0508943
      state7 |  -.0185545   .0416743    -0.45   0.656    -.1002348    .0631259
      state8 |  -.0628036   .0479981    -1.31   0.191    -.1568786    .0312713
      state9 |   .0013035   .0442369     0.03   0.976    -.0853996    .0880065
     state10 |   -.151069   .0416524    -3.63   0.000    -.2327064   -.0694316
     state11 |  -.1719898   .0409923    -4.20   0.000    -.2523336   -.0916459
     state12 |          0  (omitted)
     state13 |    -.04804   .0433981    -1.11   0.268     -.133099    .0370191
     state14 |   .0530148   .0406709     1.30   0.192     -.026699    .1327286
     state15 |   .0004678   .0409551     0.01   0.991     -.079803    .0807386
     state16 |  -.0535178   .0411366    -1.30   0.193    -.1341444    .0271087
     state17 |  -.0792791   .0414224    -1.91   0.056    -.1604658    .0019076
     state18 |  -.0412078   .0409595    -1.01   0.314    -.1214872    .0390716
     state19 |   -.057999   .0412265    -1.41   0.159    -.1388018    .0228037
     state20 |  -.1645751   .0424032    -3.88   0.000     -.247684   -.0814661
     state21 |  -.0346909   .0415856    -0.83   0.404    -.1161975    .0468156
     state22 |  -.0424353   .0408978    -1.04   0.299    -.1225937    .0377232
     state23 |   .0740196    .040753     1.82   0.069    -.0058551    .1538944
     state24 |  -.0024801   .0410886    -0.06   0.952    -.0830125    .0780524
     state25 |   -.173727   .0412446    -4.21   0.000    -.2545652   -.0928887
     state26 |  -.0393941   .0409341    -0.96   0.336    -.1196238    .0408357
     state27 |  -.0748027   .0437912    -1.71   0.088    -.1606322    .0110267
     state28 |  -.0620637   .0418021    -1.48   0.138    -.1439945    .0198672
     state29 |   .0003169   .0541842     0.01   0.995    -.1058827    .1065164
     state30 |  -.1330865   .0443502    -3.00   0.003    -.2200116   -.0461614
     state31 |   .0174492   .0409522     0.43   0.670     -.062816    .0977144
     state32 |   -.081901   .0439926    -1.86   0.063    -.1681252    .0043232
     state33 |   .0086804   .0405728     0.21   0.831    -.0708411    .0882018
     state34 |  -.2091233   .0408624    -5.12   0.000    -.2892124   -.1290342
     state35 |   -.022797   .0427819    -0.53   0.594    -.1066482    .0610543
     state36 |   .0124337   .0406917     0.31   0.760    -.0673208    .0921882
     state37 |   -.061459   .0411104    -1.49   0.135    -.1420342    .0191161
     state38 |  -.0112008    .042674    -0.26   0.793    -.0948407    .0724391
     state39 |  -.0218713   .0405896    -0.54   0.590    -.1014258    .0576832
     state40 |  -.1071654   .0432293    -2.48   0.013    -.1918935   -.0224373
     state41 |  -.2325942   .0413434    -5.63   0.000     -.313626   -.1515624
     state42 |  -.0758772   .0431418    -1.76   0.079     -.160434    .0086796
     state43 |  -.1044088   .0409975    -2.55   0.011    -.1847627   -.0240548
     state44 |  -.0648226   .0407125    -1.59   0.111     -.144618    .0149727
     state45 |  -.0123999   .0428159    -0.29   0.772    -.0963178    .0715181
     state46 |  -.1908739    .045103    -4.23   0.000    -.2792745   -.1024732
     state47 |  -.1206563   .0410793    -2.94   0.003    -.2011706    -.040142
     state48 |   .0355527   .0417556     0.85   0.395    -.0462871    .1173924
     state49 |  -.0251835    .041172    -0.61   0.541    -.1058795    .0555125
     state50 |   -.024977   .0409749    -0.61   0.542    -.1052865    .0553325
     state51 |  -.0088001   .0469153    -0.19   0.851    -.1007527    .0831524
       _cons |     6.8952   1.383397     4.98   0.000     4.183783    9.606618
------------------------------------------------------------------------------

. eststo model3

. 
. ivregress 2sls LWKLYWGE YR0-YR8 AGEQ AGEQSQ state1-state51 (EDUC = QTR1YR0-QTR1YR9 QTR2YR0-QTR2YR9 QTR3YR0-QTR3YR9 YR0-YR8 QTR1state1-QTR3state51)
note: state51 omitted because of collinearity
note: QTR1state51 omitted because of collinearity
note: QTR2state51 omitted because of collinearity
note: QTR3state51 omitted because of collinearity
note: QTR3YR7 dropped due to collinearity
note: QTR3YR9 dropped due to collinearity

Instrumental variables (2SLS) regression          Number of obs   =    329,509
                                                  Wald chi2(62)   =   10870.88
                                                  Prob > chi2     =     0.0000
                                                  R-squared       =     0.1168
                                                  Root MSE        =     .63795

------------------------------------------------------------------------------
    LWKLYWGE |      Coef.   Std. Err.      z    P>|z|     [95% Conf. Interval]
-------------+----------------------------------------------------------------
        EDUC |   .0906742    .010684     8.49   0.000     .0697338    .1116145
         YR0 |   .0848904   .0388458     2.19   0.029     .0087541    .1610268
         YR1 |   .0808742   .0349392     2.31   0.021     .0123946    .1493539
         YR2 |   .0765209   .0314764     2.43   0.015     .0148283    .1382135
         YR3 |   .0740089   .0283922     2.61   0.009     .0183611    .1296566
         YR4 |   .0684357   .0252288     2.71   0.007     .0189881    .1178833
         YR5 |   .0523844   .0218875     2.39   0.017     .0094856    .0952832
         YR6 |   .0469765   .0179821     2.61   0.009     .0117322    .0822209
         YR7 |   .0335391   .0133906     2.50   0.012      .007294    .0597842
         YR8 |   .0222281     .00833     2.67   0.008     .0059016    .0385546
        AGEQ |  -.0880302   .0623907    -1.41   0.158    -.2103137    .0342532
      AGEQSQ |   .0009423    .000694     1.36   0.175    -.0004179    .0023025
      state1 |  -.0998268   .0321077    -3.11   0.002    -.1627567   -.0368969
      state2 |   .1179132   .0761316     1.55   0.121     -.031302    .2671284
      state3 |   .0142017   .0314067     0.45   0.651    -.0473543    .0757576
      state4 |  -.0575806   .0315084    -1.83   0.068    -.1193359    .0041748
      state5 |   .0237687   .0249137     0.95   0.340    -.0250613    .0725986
      state6 |  -.0164517     .02701    -0.61   0.542    -.0693903    .0364869
      state7 |  -.0033325   .0262869    -0.13   0.899    -.0548538    .0481888
      state8 |  -.0233494   .0381295    -0.61   0.540    -.0980817     .051383
      state9 |   .0049634   .0301833     0.16   0.869    -.0541948    .0641216
     state10 |  -.1206876   .0278931    -4.33   0.000     -.175357   -.0660181
     state11 |  -.1142206   .0335718    -3.40   0.001    -.1800201    -.048421
     state12 |   .0175611   .0474026     0.37   0.711    -.0753463    .1104684
     state13 |   -.037814   .0288345    -1.31   0.190    -.0943285    .0187006
     state14 |    .067547   .0246071     2.75   0.006     .0193181     .115776
     state15 |   .0285541   .0264578     1.08   0.280    -.0233022    .0804104
     state16 |   -.034026   .0257131    -1.32   0.186    -.0844229    .0163708
     state17 |  -.0672592   .0257551    -2.61   0.009    -.1177383   -.0167802
     state18 |   .0219307   .0352195     0.62   0.533    -.0470983    .0909597
     state19 |  -.0135563   .0301769    -0.45   0.653     -.072702    .0455893
     state20 |  -.1269087   .0303133    -4.19   0.000    -.1863216   -.0674958
     state21 |   .0011685   .0287776     0.04   0.968    -.0552345    .0575716
     state22 |  -.0309807   .0248766    -1.25   0.213    -.0797378    .0177765
     state23 |   .0967324    .025415     3.81   0.000     .0469199    .1465448
     state24 |   .0158551   .0255397     0.62   0.535    -.0342018     .065912
     state25 |  -.1156273   .0339836    -3.40   0.001    -.1822339   -.0490207
     state26 |  -.0096488   .0266878    -0.36   0.718    -.0619558    .0426582
     state27 |  -.0608243   .0295187    -2.06   0.039    -.1186798   -.0029688
     state28 |  -.0477019    .026451    -1.80   0.071    -.0995448    .0041411
     state29 |   .0125358   .0435931     0.29   0.774     -.072905    .0979766
     state30 |  -.1010063   .0320804    -3.15   0.002    -.1638826   -.0381299
     state31 |   .0298905   .0249933     1.20   0.232    -.0190954    .0788765
     state32 |  -.0493783   .0316464    -1.56   0.119    -.1114041    .0126475
     state33 |   .0148464   .0243303     0.61   0.542      -.03284    .0625328
     state34 |  -.1559516    .032039    -4.87   0.000    -.2187469   -.0931564
     state35 |   .0010651   .0287173     0.04   0.970    -.0552197    .0573499
     state36 |   .0363611   .0254606     1.43   0.153    -.0135407    .0862629
     state37 |  -.0389177   .0259729    -1.50   0.134    -.0898237    .0119882
     state38 |  -.0032404   .0277122    -0.12   0.907    -.0575552    .0510744
     state39 |   .0043059   .0255958     0.17   0.866    -.0458609    .0544728
     state40 |  -.0826917   .0294553    -2.81   0.005    -.1404231   -.0249603
     state41 |  -.1699886   .0355017    -4.79   0.000    -.2395707   -.1004065
     state42 |  -.0578326   .0287478    -2.01   0.044    -.1141772    -.001488
     state43 |  -.0476279   .0332782    -1.43   0.152    -.1128521    .0175962
     state44 |  -.0342776   .0264773    -1.29   0.195    -.0861721     .017617
     state45 |  -.0117218    .028176    -0.42   0.677    -.0669458    .0435021
     state46 |  -.1543419   .0338372    -4.56   0.000    -.2206616   -.0880223
     state47 |  -.0622889   .0338619    -1.84   0.066    -.1286571    .0040792
     state48 |   .0430877   .0262592     1.64   0.101    -.0083795    .0945548
     state49 |   .0252723   .0316757     0.80   0.425    -.0368109    .0873556
     state50 |   -.001487   .0258641    -0.06   0.954    -.0521798    .0492058
     state51 |          0  (omitted)
       _cons |   6.748567   1.393785     4.84   0.000     4.016798    9.480336
------------------------------------------------------------------------------
Instrumented:  EDUC
Instruments:   YR0 YR1 YR2 YR3 YR4 YR5 YR6 YR7 YR8 AGEQ AGEQSQ state1 state2
               state3 state4 state5 state6 state7 state8 state9 state10
               state11 state12 state13 state14 state15 state16 state17
               state18 state19 state20 state21 state22 state23 state24
               state25 state26 state27 state28 state29 state30 state31
               state32 state33 state34 state35 state36 state37 state38
               state39 state40 state41 state42 state43 state44 state45
               state46 state47 state48 state49 state50 QTR1YR0 QTR1YR1
               QTR1YR2 QTR1YR3 QTR1YR4 QTR1YR5 QTR1YR6 QTR1YR7 QTR1YR8
               QTR1YR9 QTR2YR0 QTR2YR1 QTR2YR2 QTR2YR3 QTR2YR4 QTR2YR5
               QTR2YR6 QTR2YR7 QTR2YR8 QTR2YR9 QTR3YR0 QTR3YR1 QTR3YR2
               QTR3YR3 QTR3YR4 QTR3YR5 QTR3YR6 QTR3YR8 QTR1state1 QTR1state2
               QTR1state3 QTR1state4 QTR1state5 QTR1state6 QTR1state7
               QTR1state8 QTR1state9 QTR1state10 QTR1state11 QTR1state12
               QTR1state13 QTR1state14 QTR1state15 QTR1state16 QTR1state17
               QTR1state18 QTR1state19 QTR1state20 QTR1state21 QTR1state22
               QTR1state23 QTR1state24 QTR1state25 QTR1state26 QTR1state27
               QTR1state28 QTR1state29 QTR1state30 QTR1state31 QTR1state32
               QTR1state33 QTR1state34 QTR1state35 QTR1state36 QTR1state37
               QTR1state38 QTR1state39 QTR1state40 QTR1state41 QTR1state42
               QTR1state43 QTR1state44 QTR1state45 QTR1state46 QTR1state47
               QTR1state48 QTR1state49 QTR1state50 QTR2state1 QTR2state2
               QTR2state3 QTR2state4 QTR2state5 QTR2state6 QTR2state7
               QTR2state8 QTR2state9 QTR2state10 QTR2state11 QTR2state12
               QTR2state13 QTR2state14 QTR2state15 QTR2state16 QTR2state17
               QTR2state18 QTR2state19 QTR2state20 QTR2state21 QTR2state22
               QTR2state23 QTR2state24 QTR2state25 QTR2state26 QTR2state27
               QTR2state28 QTR2state29 QTR2state30 QTR2state31 QTR2state32
               QTR2state33 QTR2state34 QTR2state35 QTR2state36 QTR2state37
               QTR2state38 QTR2state39 QTR2state40 QTR2state41 QTR2state42
               QTR2state43 QTR2state44 QTR2state45 QTR2state46 QTR2state47
               QTR2state48 QTR2state49 QTR2state50 QTR3state1 QTR3state2
               QTR3state3 QTR3state4 QTR3state5 QTR3state6 QTR3state7
               QTR3state8 QTR3state9 QTR3state10 QTR3state11 QTR3state12
               QTR3state13 QTR3state14 QTR3state15 QTR3state16 QTR3state17
               QTR3state18 QTR3state19 QTR3state20 QTR3state21 QTR3state22
               QTR3state23 QTR3state24 QTR3state25 QTR3state26 QTR3state27
               QTR3state28 QTR3state29 QTR3state30 QTR3state31 QTR3state32
               QTR3state33 QTR3state34 QTR3state35 QTR3state36 QTR3state37
               QTR3state38 QTR3state39 QTR3state40 QTR3state41 QTR3state42
               QTR3state43 QTR3state44 QTR3state45 QTR3state46 QTR3state47
               QTR3state48 QTR3state49 QTR3state50

. eststo model4

. 
. reg  LWKLYWGE EDUC  RACE MARRIED SMSA NEWENG MIDATL ENOCENT WNOCENT SOATL ESOCENT WSOCENT MT YR0-YR8  state1-state51
note: state12 omitted because of collinearity

      Source |       SS           df       MS      Number of obs   =   329,509
-------------+----------------------------------   F(71, 329437)   =    932.11
       Model |  25399.8826        71  357.744825   Prob > F        =    0.0000
    Residual |  126437.988   329,437  .383800205   R-squared       =    0.1673
-------------+----------------------------------   Adj R-squared   =    0.1671
       Total |  151837.871   329,508  .460801773   Root MSE        =    .61952

------------------------------------------------------------------------------
    LWKLYWGE |      Coef.   Std. Err.      t    P>|t|     [95% Conf. Interval]
-------------+----------------------------------------------------------------
        EDUC |   .0627932   .0003438   182.65   0.000     .0621194     .063467
        RACE |  -.2547345   .0043466   -58.61   0.000    -.2632537   -.2462154
     MARRIED |   .2487018   .0031647    78.59   0.000     .2424991    .2549045
        SMSA |  -.1705098   .0028944   -58.91   0.000    -.1761828   -.1648367
      NEWENG |  -.0787457   .0078496   -10.03   0.000    -.0941307   -.0633608
      MIDATL |   -.061441   .0056236   -10.93   0.000    -.0724631   -.0504189
     ENOCENT |   .0163634    .004989     3.28   0.001     .0065851    .0261416
     WNOCENT |  -.1200356   .0060916   -19.71   0.000    -.1319749   -.1080964
       SOATL |  -.1271108   .0053329   -23.84   0.000    -.1375631   -.1166585
     ESOCENT |  -.1771172   .0068723   -25.77   0.000    -.1905868   -.1636476
     WSOCENT |  -.1131221   .0058801   -19.24   0.000    -.1246469   -.1015974
          MT |  -.0935682   .0063357   -14.77   0.000     -.105986   -.0811503
         YR0 |   .0305127   .0047131     6.47   0.000     .0212751    .0397503
         YR1 |   .0266163    .004829     5.51   0.000     .0171517     .036081
         YR2 |   .0222086   .0047617     4.66   0.000     .0128759    .0315413
         YR3 |   .0224496   .0048198     4.66   0.000     .0130029    .0318963
         YR4 |   .0198046   .0047717     4.15   0.000     .0104523    .0291569
         YR5 |   .0100342   .0047379     2.12   0.034      .000748    .0193204
         YR6 |   .0105791    .004741     2.23   0.026      .001287    .0198712
         YR7 |   .0079489   .0046929     1.69   0.090    -.0012491    .0171468
         YR8 |   .0083054   .0046496     1.79   0.074    -.0008078    .0174185
      state1 |   .0118526   .0403218     0.29   0.769    -.0671769     .090882
      state2 |   .1439685   .0805064     1.79   0.074    -.0138216    .3017587
      state3 |   .0372952   .0439358     0.85   0.396    -.0488177    .1234081
      state4 |   -.006873   .0404698    -0.17   0.865    -.0861927    .0724467
      state5 |   .0046958   .0399397     0.12   0.906    -.0735848    .0829763
      state6 |   .0082964   .0413415     0.20   0.841    -.0727317    .0893245
      state7 |   .0094435   .0411205     0.23   0.818    -.0711515    .0900386
      state8 |   .0603802   .0470945     1.28   0.200    -.0319238    .1526841
      state9 |   .1352665   .0434285     3.11   0.002     .0501478    .2203851
     state10 |  -.0247078   .0409126    -0.60   0.546    -.1048954    .0554797
     state11 |  -.0294623   .0402858    -0.73   0.465    -.1084213    .0494967
     state12 |          0  (omitted)
     state13 |    .008686   .0425318     0.20   0.838    -.0746752    .0920471
     state14 |   .0348682   .0399001     0.87   0.382    -.0433349    .1130713
     state15 |  -.0223477   .0401942    -0.56   0.578    -.1011271    .0564317
     state16 |   .0129904    .040381     0.32   0.748    -.0661552     .092136
     state17 |   -.000323   .0406341    -0.01   0.994    -.0799647    .0793187
     state18 |   .0371448   .0402564     0.92   0.356    -.0417567    .1160463
     state19 |   .0820562   .0405543     2.02   0.043      .002571    .1615414
     state20 |  -.1122753   .0418548    -2.68   0.007    -.1943094   -.0302411
     state21 |   .0693589   .0408583     1.70   0.090    -.0107222    .1494401
     state22 |   -.013551   .0403743    -0.34   0.737    -.0926836    .0655815
     state23 |   .0404548   .0400026     1.01   0.312    -.0379491    .1188586
     state24 |   .0528331   .0403696     1.31   0.191    -.0262901    .1319562
     state25 |   .0314841   .0405717     0.78   0.438    -.0480352    .1110033
     state26 |    .029921   .0401987     0.74   0.457    -.0488672    .1087092
     state27 |  -.0134603   .0429181    -0.31   0.754    -.0975785     .070658
     state28 |   .0052995   .0409857     0.13   0.897    -.0750313    .0856304
     state29 |   .0458123   .0530539     0.86   0.388    -.0581719    .1497965
     state30 |  -.0731329   .0437215    -1.67   0.094    -.1588257      .01256
     state31 |   .0449918    .040242     1.12   0.264    -.0338815     .123865
     state32 |   -.027102   .0431475    -0.63   0.530    -.1116699    .0574659
     state33 |   .0327101   .0398611     0.82   0.412    -.0454165    .1108366
     state34 |  -.0621613   .0401646    -1.55   0.122    -.1408827    .0165602
     state35 |   .0189158     .04192     0.45   0.652    -.0632462    .1010779
     state36 |  -.0116614   .0399359    -0.29   0.770    -.0899346    .0666118
     state37 |   .0039933   .0403239     0.10   0.921    -.0750404    .0830269
     state38 |   -.017087   .0417248    -0.41   0.682    -.0988664    .0646924
     state39 |    .003429   .0398802     0.09   0.931    -.0747351     .081593
     state40 |  -.0867321   .0426458    -2.03   0.042    -.1703166   -.0031475
     state41 |  -.0526161   .0406428    -1.29   0.195    -.1322748    .0270426
     state42 |  -.0085444   .0422808    -0.20   0.840    -.0914136    .0743248
     state43 |   .0195928   .0403334     0.49   0.627    -.0594596    .0986452
     state44 |   .0123353   .0400287     0.31   0.758    -.0661197    .0907904
     state45 |   .0182035   .0420806     0.43   0.665    -.0642732    .1006801
     state46 |  -.1260006    .044408    -2.84   0.005    -.2130391   -.0389621
     state47 |   .0172415   .0403588     0.43   0.669    -.0618606    .0963436
     state48 |   .0256137   .0408254     0.63   0.530    -.0544029    .1056302
     state49 |   .0314563   .0403964     0.78   0.436    -.0477194     .110632
     state50 |   -.050574   .0402089    -1.26   0.208    -.1293822    .0282342
     state51 |   .0452561   .0459935     0.98   0.325    -.0448899    .1354021
       _cons |   4.980246   .0399938   124.53   0.000     4.901859    5.058633
------------------------------------------------------------------------------

. eststo model5

. 
. ivregress 2sls LWKLYWGE YR0-YR8 RACE MARRIED SMSA NEWENG MIDATL ENOCENT WNOCENT SOATL ESOCENT WSOCENT MT  state1-state51 (EDUC = QTR1YR0-QTR1YR9 QTR2YR0-QTR2YR9 QTR3YR0-QTR3YR9 YR0-YR8 QTR1state1-
> QTR3state51)
note: state51 omitted because of collinearity
note: QTR1state51 omitted because of collinearity
note: QTR2state51 omitted because of collinearity
note: QTR3state51 omitted because of collinearity

Instrumental variables (2SLS) regression          Number of obs   =    329,509
                                                  Wald chi2(71)   =   32556.98
                                                  Prob > chi2     =     0.0000
                                                  R-squared       =     0.1584
                                                  Root MSE        =     .62274

------------------------------------------------------------------------------
    LWKLYWGE |      Coef.   Std. Err.      z    P>|z|     [95% Conf. Interval]
-------------+----------------------------------------------------------------
        EDUC |   .0831469   .0094922     8.76   0.000     .0645424    .1017513
         YR0 |   .0431736   .0075673     5.71   0.000      .028342    .0580052
         YR1 |   .0363014   .0066285     5.48   0.000     .0233099     .049293
         YR2 |   .0305082    .006154     4.96   0.000     .0184466    .0425699
         YR3 |   .0293916   .0058258     5.05   0.000     .0179732    .0408101
         YR4 |   .0259801   .0055937     4.64   0.000     .0150166    .0369435
         YR5 |   .0147418   .0052436     2.81   0.005     .0044645    .0250191
         YR6 |   .0144674   .0050985     2.84   0.005     .0044745    .0244603
         YR7 |   .0105111   .0048661     2.16   0.031     .0009737    .0200485
         YR8 |   .0092299   .0046936     1.97   0.049     .0000306    .0184292
        RACE |  -.2332554   .0109225   -21.36   0.000     -.254663   -.2118478
     MARRIED |   .2435452   .0039869    61.09   0.000     .2357311    .2513594
        SMSA |   -.151148   .0094812   -15.94   0.000    -.1697307   -.1325652
      NEWENG |  -.0673008   .0095242    -7.07   0.000    -.0859678   -.0486338
      MIDATL |  -.0422312   .0105881    -3.99   0.000    -.0629835   -.0214789
     ENOCENT |   .0384872   .0114658     3.36   0.001     .0160146    .0609598
     WNOCENT |  -.1041709   .0096002   -10.85   0.000    -.1229869    -.085355
       SOATL |  -.1204181    .006202   -19.42   0.000    -.1325739   -.1082624
     ESOCENT |  -.1642099   .0091601   -17.93   0.000    -.1821634   -.1462564
     WSOCENT |  -.1033825   .0074525   -13.87   0.000    -.1179892   -.0887758
          MT |  -.0888868    .006732   -13.20   0.000    -.1020813   -.0756924
      state1 |  -.0062392   .0279234    -0.22   0.823     -.060968    .0484897
      state2 |   .1032231    .074402     1.39   0.165     -.042602    .2490483
      state3 |   .0044012   .0307657     0.14   0.886    -.0558986    .0647009
      state4 |  -.0246261    .028206    -0.87   0.383    -.0799089    .0306566
      state5 |  -.0385226   .0244177    -1.58   0.115    -.0863804    .0093352
      state6 |  -.0287814   .0264882    -1.09   0.277    -.0806972    .0231345
      state7 |  -.0312594   .0262823    -1.19   0.234    -.0827718    .0202531
      state8 |   .0373139   .0364087     1.02   0.305    -.0340458    .1086735
      state9 |   .0819202    .029953     2.73   0.006     .0232134    .1406271
     state10 |  -.0550186   .0267781    -2.05   0.040    -.1075027   -.0025346
     state11 |  -.0384577   .0300492    -1.28   0.201    -.0973531    .0204378
     state12 |  -.0332492   .0465699    -0.71   0.475    -.1245246    .0580262
     state13 |  -.0365018   .0281472    -1.30   0.195    -.0916693    .0186657
     state14 |  -.0152081   .0242775    -0.63   0.531    -.0627911    .0323749
     state15 |  -.0620267   .0247988    -2.50   0.012    -.1106315   -.0134219
     state16 |  -.0302464   .0249429    -1.21   0.225    -.0791335    .0186407
     state17 |  -.0492091   .0253793    -1.94   0.053    -.0989517    .0005335
     state18 |   .0297317   .0304128     0.98   0.328    -.0298764    .0893397
     state19 |   .0593111   .0273561     2.17   0.030     .0056941    .1129281
     state20 |  -.1372651   .0289328    -4.74   0.000    -.1939722   -.0805579
     state21 |   .0457346   .0276727     1.65   0.098    -.0085029     .099972
     state22 |  -.0577089   .0250034    -2.31   0.021    -.1067147   -.0087031
     state23 |  -.0033081   .0243574    -0.14   0.892    -.0510477    .0444316
     state24 |   .0100049   .0249356     0.40   0.688     -.038868    .0588778
     state25 |   .0119873   .0279941     0.43   0.668    -.0428801    .0668547
     state26 |   -.004346   .0251562    -0.17   0.863    -.0536513    .0449593
     state27 |  -.0550342   .0287777    -1.91   0.056    -.1114375    .0013691
     state28 |  -.0402039   .0258863    -1.55   0.120    -.0909402    .0105324
     state29 |   .0033528    .042552     0.08   0.937    -.0800476    .0867532
     state30 |    -.10372   .0309209    -3.35   0.001    -.1643238   -.0431162
     state31 |  -.0044952   .0248506    -0.18   0.856    -.0532016    .0442111
     state32 |  -.0516635   .0305846    -1.69   0.091    -.1116081    .0082812
     state33 |  -.0215479   .0245053    -0.88   0.379    -.0695773    .0264816
     state34 |  -.0755808   .0287701    -2.63   0.009    -.1319691   -.0191925
     state35 |  -.0161321   .0277905    -0.58   0.562    -.0706005    .0383363
     state36 |  -.0544113   .0242652    -2.24   0.025    -.1019701   -.0068524
     state37 |  -.0314401   .0252927    -1.24   0.214    -.0810128    .0181327
     state38 |  -.0581703   .0273228    -2.13   0.033    -.1117219   -.0046187
     state39 |  -.0352604   .0243653    -1.45   0.148    -.0830154    .0124946
     state40 |  -.1190113   .0291913    -4.08   0.000    -.1762252   -.0617974
     state41 |   -.061389   .0305891    -2.01   0.045    -.1213425   -.0014354
     state42 |  -.0519807    .027945    -1.86   0.063    -.1067518    .0027904
     state43 |   .0074723   .0293071     0.25   0.799    -.0499686    .0649133
     state44 |  -.0165017   .0255606    -0.65   0.519    -.0665995    .0335962
     state45 |  -.0304016   .0273291    -1.11   0.266    -.0839657    .0231625
     state46 |   -.153595   .0322175    -4.77   0.000      -.21674   -.0904499
     state47 |   .0084247   .0301945     0.28   0.780    -.0507554    .0676049
     state48 |  -.0148528   .0259425    -0.57   0.567    -.0656993    .0359936
     state49 |   .0175718   .0289766     0.61   0.544    -.0392213    .0743648
     state50 |  -.0942477   .0246961    -3.82   0.000    -.1426512   -.0458442
     state51 |          0  (omitted)
       _cons |   4.736359   .1369855    34.58   0.000     4.467872    5.004846
------------------------------------------------------------------------------
Instrumented:  EDUC
Instruments:   YR0 YR1 YR2 YR3 YR4 YR5 YR6 YR7 YR8 RACE MARRIED SMSA NEWENG
               MIDATL ENOCENT WNOCENT SOATL ESOCENT WSOCENT MT state1 state2
               state3 state4 state5 state6 state7 state8 state9 state10
               state11 state12 state13 state14 state15 state16 state17
               state18 state19 state20 state21 state22 state23 state24
               state25 state26 state27 state28 state29 state30 state31
               state32 state33 state34 state35 state36 state37 state38
               state39 state40 state41 state42 state43 state44 state45
               state46 state47 state48 state49 state50 QTR1YR0 QTR1YR1
               QTR1YR2 QTR1YR3 QTR1YR4 QTR1YR5 QTR1YR6 QTR1YR7 QTR1YR8
               QTR1YR9 QTR2YR0 QTR2YR1 QTR2YR2 QTR2YR3 QTR2YR4 QTR2YR5
               QTR2YR6 QTR2YR7 QTR2YR8 QTR2YR9 QTR3YR0 QTR3YR1 QTR3YR2
               QTR3YR3 QTR3YR4 QTR3YR5 QTR3YR6 QTR3YR7 QTR3YR8 QTR3YR9
               QTR1state1 QTR1state2 QTR1state3 QTR1state4 QTR1state5
               QTR1state6 QTR1state7 QTR1state8 QTR1state9 QTR1state10
               QTR1state11 QTR1state12 QTR1state13 QTR1state14 QTR1state15
               QTR1state16 QTR1state17 QTR1state18 QTR1state19 QTR1state20
               QTR1state21 QTR1state22 QTR1state23 QTR1state24 QTR1state25
               QTR1state26 QTR1state27 QTR1state28 QTR1state29 QTR1state30
               QTR1state31 QTR1state32 QTR1state33 QTR1state34 QTR1state35
               QTR1state36 QTR1state37 QTR1state38 QTR1state39 QTR1state40
               QTR1state41 QTR1state42 QTR1state43 QTR1state44 QTR1state45
               QTR1state46 QTR1state47 QTR1state48 QTR1state49 QTR1state50
               QTR2state1 QTR2state2 QTR2state3 QTR2state4 QTR2state5
               QTR2state6 QTR2state7 QTR2state8 QTR2state9 QTR2state10
               QTR2state11 QTR2state12 QTR2state13 QTR2state14 QTR2state15
               QTR2state16 QTR2state17 QTR2state18 QTR2state19 QTR2state20
               QTR2state21 QTR2state22 QTR2state23 QTR2state24 QTR2state25
               QTR2state26 QTR2state27 QTR2state28 QTR2state29 QTR2state30
               QTR2state31 QTR2state32 QTR2state33 QTR2state34 QTR2state35
               QTR2state36 QTR2state37 QTR2state38 QTR2state39 QTR2state40
               QTR2state41 QTR2state42 QTR2state43 QTR2state44 QTR2state45
               QTR2state46 QTR2state47 QTR2state48 QTR2state49 QTR2state50
               QTR3state1 QTR3state2 QTR3state3 QTR3state4 QTR3state5
               QTR3state6 QTR3state7 QTR3state8 QTR3state9 QTR3state10
               QTR3state11 QTR3state12 QTR3state13 QTR3state14 QTR3state15
               QTR3state16 QTR3state17 QTR3state18 QTR3state19 QTR3state20
               QTR3state21 QTR3state22 QTR3state23 QTR3state24 QTR3state25
               QTR3state26 QTR3state27 QTR3state28 QTR3state29 QTR3state30
               QTR3state31 QTR3state32 QTR3state33 QTR3state34 QTR3state35
               QTR3state36 QTR3state37 QTR3state38 QTR3state39 QTR3state40
               QTR3state41 QTR3state42 QTR3state43 QTR3state44 QTR3state45
               QTR3state46 QTR3state47 QTR3state48 QTR3state49 QTR3state50

. eststo model6

. 
. reg  LWKLYWGE EDUC  RACE MARRIED SMSA NEWENG MIDATL ENOCENT WNOCENT SOATL ESOCENT WSOCENT MT YR0-YR8 AGEQ AGEQSQ state1-state51
note: state12 omitted because of collinearity

      Source |       SS           df       MS      Number of obs   =   329,509
-------------+----------------------------------   F(73, 329435)   =    906.64
       Model |  25401.5598        73  347.966573   Prob > F        =    0.0000
    Residual |  126436.311   329,435  .383797444   R-squared       =    0.1673
-------------+----------------------------------   Adj R-squared   =    0.1671
       Total |  151837.871   329,508  .460801773   Root MSE        =    .61951

------------------------------------------------------------------------------
    LWKLYWGE |      Coef.   Std. Err.      t    P>|t|     [95% Conf. Interval]
-------------+----------------------------------------------------------------
        EDUC |   .0627847   .0003438   182.60   0.000     .0621108    .0634586
        RACE |  -.2546832   .0043467   -58.59   0.000    -.2632025   -.2461638
     MARRIED |   .2487145   .0031647    78.59   0.000     .2425118    .2549172
        SMSA |  -.1704966   .0028944   -58.90   0.000    -.1761697   -.1648236
      NEWENG |  -.0787691   .0078496   -10.03   0.000    -.0941541   -.0633842
      MIDATL |  -.0614532   .0056236   -10.93   0.000    -.0724753   -.0504312
     ENOCENT |   .0163326    .004989     3.27   0.001     .0065544    .0261109
     WNOCENT |  -.1200789   .0060916   -19.71   0.000    -.1320182   -.1081397
       SOATL |   -.127151   .0053329   -23.84   0.000    -.1376034   -.1166986
     ESOCENT |  -.1771233   .0068723   -25.77   0.000    -.1905929   -.1636538
     WSOCENT |  -.1131778   .0058801   -19.25   0.000    -.1247027   -.1016529
          MT |  -.0935744   .0063357   -14.77   0.000    -.1059923   -.0811566
         YR0 |   .0895666   .0353171     2.54   0.011      .020346    .1587872
         YR1 |   .0854327   .0317746     2.69   0.007     .0231553    .1477101
         YR2 |   .0792059   .0289076     2.74   0.006     .0225478     .135864
         YR3 |   .0760503   .0263697     2.88   0.004     .0243665    .1277341
         YR4 |   .0683837   .0237265     2.88   0.004     .0218805     .114887
         YR5 |   .0520783   .0207473     2.51   0.012     .0114141    .0927425
         YR6 |   .0445143   .0171859     2.59   0.010     .0108305    .0781981
         YR7 |   .0321116   .0128654     2.50   0.013     .0068958    .0573275
         YR8 |   .0212105   .0080162     2.65   0.008     .0054989     .036922
        AGEQ |  -.0777505   .0603399    -1.29   0.198     -.196015     .040514
      AGEQSQ |   .0007889   .0006686     1.18   0.238    -.0005216    .0020993
      state1 |   .0119772   .0403217     0.30   0.766    -.0670522    .0910065
      state2 |    .144153   .0805063     1.79   0.073     -.013637    .3019429
      state3 |    .037437    .043936     0.85   0.394    -.0486763    .1235502
      state4 |  -.0067527   .0404698    -0.17   0.867    -.0860723    .0725669
      state5 |   .0048358   .0399397     0.12   0.904    -.0734448    .0831164
      state6 |   .0084446   .0413415     0.20   0.838    -.0725836    .0894727
      state7 |   .0096782   .0411206     0.24   0.814     -.070917    .0902733
      state8 |   .0604817   .0470945     1.28   0.199    -.0318222    .1527856
      state9 |   .1353576   .0434284     3.12   0.002     .0502392    .2204761
     state10 |  -.0245425   .0409126    -0.60   0.549      -.10473     .055645
     state11 |  -.0293248   .0402858    -0.73   0.467    -.1082837    .0496342
     state12 |          0  (omitted)
     state13 |   .0088438   .0425319     0.21   0.835    -.0745176    .0922052
     state14 |   .0350164   .0399001     0.88   0.380    -.0431866    .1132194
     state15 |  -.0221574   .0401942    -0.55   0.581    -.1009368    .0566221
     state16 |   .0131801   .0403811     0.33   0.744    -.0659657    .0923258
     state17 |  -.0001912   .0406341    -0.00   0.996    -.0798328    .0794505
     state18 |     .03727   .0402565     0.93   0.355    -.0416315    .1161715
     state19 |   .0821048   .0405541     2.02   0.043     .0026198    .1615897
     state20 |  -.1120684   .0418548    -2.68   0.007    -.1941026   -.0300342
     state21 |   .0695782   .0408583     1.70   0.089     -.010503    .1496593
     state22 |  -.0133355   .0403744    -0.33   0.741    -.0924681    .0657972
     state23 |   .0406372   .0400026     1.02   0.310    -.0377668    .1190413
     state24 |   .0530311   .0403696     1.31   0.189    -.0260922    .1321544
     state25 |   .0316476   .0405717     0.78   0.435    -.0478717    .1111669
     state26 |   .0300677   .0401987     0.75   0.454    -.0487205    .1088559
     state27 |  -.0132762   .0429182    -0.31   0.757    -.0973946    .0708421
     state28 |   .0054892   .0409858     0.13   0.893    -.0748418    .0858202
     state29 |   .0455993   .0530539     0.86   0.390    -.0583848    .1495834
     state30 |  -.0729743   .0437214    -1.67   0.095     -.158667    .0127185
     state31 |   .0451916   .0402421     1.12   0.261    -.0336818    .1240649
     state32 |  -.0270377   .0431474    -0.63   0.531    -.1116054      .05753
     state33 |   .0328969   .0398611     0.83   0.409    -.0452298    .1110236
     state34 |  -.0620243   .0401645    -1.54   0.123    -.1407456    .0166971
     state35 |   .0190994   .0419201     0.46   0.649    -.0630628    .1012615
     state36 |  -.0115043    .039936    -0.29   0.773    -.0897776    .0667691
     state37 |   .0041363   .0403239     0.10   0.918    -.0748973    .0831699
     state38 |  -.0169258   .0417248    -0.41   0.685    -.0987052    .0648535
     state39 |   .0035947   .0398802     0.09   0.928    -.0745694    .0817588
     state40 |  -.0865249   .0426459    -2.03   0.042    -.1701096   -.0029402
     state41 |  -.0525597   .0406427    -1.29   0.196    -.1322182    .0270988
     state42 |  -.0083804   .0422808    -0.20   0.843    -.0912496    .0744889
     state43 |   .0197722   .0403335     0.49   0.624    -.0592802    .0988246
     state44 |   .0124013   .0400286     0.31   0.757    -.0660535    .0908562
     state45 |   .0183224   .0420805     0.44   0.663    -.0641542    .1007989
     state46 |  -.1258486    .044408    -2.83   0.005    -.2128869   -.0388102
     state47 |   .0174292   .0403588     0.43   0.666     -.061673    .0965313
     state48 |    .025774   .0408254     0.63   0.528    -.0542426    .1057907
     state49 |   .0316488   .0403964     0.78   0.433    -.0475269    .1108246
     state50 |  -.0503854   .0402089    -1.25   0.210    -.1291937     .028423
     state51 |   .0453317   .0459935     0.99   0.324    -.0448143    .1354776
       _cons |   6.836734   1.352537     5.05   0.000     4.185802    9.487667
------------------------------------------------------------------------------

. eststo model7

. 
. ivregress 2sls LWKLYWGE YR0-YR8 RACE MARRIED SMSA NEWENG MIDATL ENOCENT WNOCENT SOATL ESOCENT WSOCENT MT AGEQ AGEQSQ state1-state51 (EDUC = QTR1YR0-QTR1YR9 QTR2YR0-QTR2YR9 QTR3YR0-QTR3YR9 YR0-YR8 
> QTR1state1-QTR3state51)
note: state51 omitted because of collinearity
note: QTR1state51 omitted because of collinearity
note: QTR2state51 omitted because of collinearity
note: QTR3state51 omitted because of collinearity
note: QTR3YR7 dropped due to collinearity
note: QTR3YR9 dropped due to collinearity

Instrumental variables (2SLS) regression          Number of obs   =    329,509
                                                  Wald chi2(73)   =   32626.66
                                                  Prob > chi2     =     0.0000
                                                  R-squared       =     0.1602
                                                  Root MSE        =     .62209

------------------------------------------------------------------------------
    LWKLYWGE |      Coef.   Std. Err.      z    P>|z|     [95% Conf. Interval]
-------------+----------------------------------------------------------------
        EDUC |   .0810581   .0108672     7.46   0.000     .0597588    .1023574
         YR0 |   .0685551   .0375991     1.82   0.068    -.0051378     .142248
         YR1 |   .0665389   .0338257     1.97   0.049     .0002417    .1328361
         YR2 |   .0635622    .030481     2.09   0.037     .0038205    .1233038
         YR3 |   .0633823   .0275294     2.30   0.021     .0094258    .1173389
         YR4 |   .0589535   .0244759     2.41   0.016     .0109817    .1069253
         YR5 |   .0449101    .021265     2.11   0.035     .0032314    .0865888
         YR6 |   .0398959   .0174745     2.28   0.022     .0056466    .0741452
         YR7 |   .0293179   .0130253     2.25   0.024     .0037887     .054847
         YR8 |   .0196351   .0081039     2.42   0.015     .0037517    .0355185
        RACE |  -.2354344   .0122457   -19.23   0.000    -.2594356   -.2114332
     MARRIED |   .2440837   .0042042    58.06   0.000     .2358436    .2523238
        SMSA |  -.1531188   .0107305   -14.27   0.000    -.1741502   -.1320874
      NEWENG |  -.0685019   .0099687    -6.87   0.000    -.0880402   -.0489635
      MIDATL |  -.0442147   .0116996    -3.78   0.000    -.0671455   -.0212839
     ENOCENT |   .0361931   .0128241     2.82   0.005     .0110584    .0613278
     WNOCENT |  -.1058281   .0104484   -10.13   0.000    -.1263066   -.0853496
       SOATL |  -.1211417   .0064371   -18.82   0.000    -.1337582   -.1085252
     ESOCENT |   -.165544   .0097466   -16.98   0.000    -.1846469    -.146441
     WSOCENT |  -.1044249   .0078697   -13.27   0.000    -.1198493   -.0890005
          MT |  -.0893784   .0068335   -13.08   0.000    -.1027719    -.075985
        AGEQ |   -.087637   .0608758    -1.44   0.150    -.2069513    .0316773
      AGEQSQ |   .0009383   .0006772     1.39   0.166    -.0003891    .0022656
      state1 |  -.0089513   .0287848    -0.31   0.756    -.0653685    .0474659
      state2 |   .1028052   .0743334     1.38   0.167    -.0428857    .2484961
      state3 |    .003153   .0308963     0.10   0.919    -.0574026    .0637087
      state4 |  -.0273773   .0290802    -0.94   0.346    -.0843734    .0296188
      state5 |  -.0386709   .0243983    -1.58   0.113    -.0864906    .0091488
      state6 |  -.0295535   .0265459    -1.11   0.266    -.0815825    .0224755
      state7 |  -.0315794   .0262815    -1.20   0.230    -.0830902    .0199315
      state8 |   .0350612   .0368267     0.95   0.341    -.0371177    .1072402
      state9 |   .0828044    .029993     2.76   0.006     .0240192    .1415896
     state10 |  -.0564485   .0270345    -2.09   0.037    -.1094351   -.0034619
     state11 |  -.0421012    .031473    -1.34   0.181    -.1037871    .0195847
     state12 |  -.0344524   .0466356    -0.74   0.460    -.1258565    .0569517
     state13 |  -.0364697   .0281183    -1.30   0.195    -.0915805     .018641
     state14 |  -.0146298   .0242843    -0.60   0.547    -.0622261    .0329666
     state15 |  -.0624932   .0248152    -2.52   0.012    -.1111302   -.0138563
     state16 |  -.0303668   .0249221    -1.22   0.223    -.0792132    .0184796
     state17 |  -.0487733   .0253705    -1.92   0.055    -.0984986    .0009521
     state18 |   .0259035   .0319406     0.81   0.417     -.036699     .088506
     state19 |   .0570322   .0279641     2.04   0.041     .0022237    .1118408
     state20 |  -.1392261   .0293778    -4.74   0.000    -.1968055   -.0816467
     state21 |   .0436716   .0282152     1.55   0.122    -.0116292    .0989724
     state22 |  -.0576947   .0249793    -2.31   0.021    -.1066532   -.0087363
     state23 |  -.0033755   .0243351    -0.14   0.890    -.0510715    .0443204
     state24 |   .0098642   .0249176     0.40   0.692    -.0389734    .0587018
     state25 |   .0094329   .0287582     0.33   0.743    -.0469322     .065798
     state26 |   -.005397   .0252934    -0.21   0.831    -.0549711    .0441772
     state27 |  -.0553259   .0287632    -1.92   0.054    -.1117008    .0010489
     state28 |  -.0400876   .0258599    -1.55   0.121     -.090772    .0105969
     state29 |   .0028968   .0425173     0.07   0.946    -.0804355    .0862291
     state30 |  -.1051338   .0311255    -3.38   0.001    -.1661386    -.044129
     state31 |  -.0039536   .0248505    -0.16   0.874    -.0526596    .0447525
     state32 |  -.0537623    .031032    -1.73   0.083    -.1145839    .0070592
     state33 |   -.020527   .0245936    -0.83   0.404    -.0687296    .0276757
     state34 |  -.0787614   .0299198    -2.63   0.008    -.1374032   -.0201196
     state35 |  -.0170877    .027887    -0.61   0.540    -.0717452    .0375698
     state36 |   -.054601   .0242485    -2.25   0.024    -.1021273   -.0070747
     state37 |  -.0323687   .0253972    -1.27   0.202    -.0821463    .0174089
     state38 |  -.0585104   .0273164    -2.14   0.032    -.1120495   -.0049712
     state39 |  -.0358485   .0243998    -1.47   0.142    -.0836712    .0119743
     state40 |   -.120239   .0293524    -4.10   0.000    -.1777687   -.0627092
     state41 |  -.0650911   .0320214    -2.03   0.042    -.1278519   -.0023303
     state42 |  -.0520919     .02792    -1.87   0.062    -.1068141    .0026302
     state43 |   .0041732   .0305202     0.14   0.891    -.0556453    .0639918
     state44 |  -.0181557   .0258977    -0.70   0.483    -.0689142    .0326028
     state45 |  -.0299961   .0273142    -1.10   0.272     -.083531    .0235389
     state46 |  -.1553158   .0325137    -4.78   0.000    -.2190414   -.0915902
     state47 |   .0047951   .0316188     0.15   0.879    -.0571766    .0667668
     state48 |  -.0152736    .025945    -0.59   0.556    -.0661249    .0355776
     state49 |   .0144667   .0300757     0.48   0.631    -.0444806     .073414
     state50 |  -.0943172   .0246738    -3.82   0.000    -.1426769   -.0459574
     state51 |          0  (omitted)
       _cons |   6.777588   1.359162     4.99   0.000     4.113679    9.441497
------------------------------------------------------------------------------
Instrumented:  EDUC
Instruments:   YR0 YR1 YR2 YR3 YR4 YR5 YR6 YR7 YR8 RACE MARRIED SMSA NEWENG
               MIDATL ENOCENT WNOCENT SOATL ESOCENT WSOCENT MT AGEQ AGEQSQ
               state1 state2 state3 state4 state5 state6 state7 state8
               state9 state10 state11 state12 state13 state14 state15
               state16 state17 state18 state19 state20 state21 state22
               state23 state24 state25 state26 state27 state28 state29
               state30 state31 state32 state33 state34 state35 state36
               state37 state38 state39 state40 state41 state42 state43
               state44 state45 state46 state47 state48 state49 state50
               QTR1YR0 QTR1YR1 QTR1YR2 QTR1YR3 QTR1YR4 QTR1YR5 QTR1YR6
               QTR1YR7 QTR1YR8 QTR1YR9 QTR2YR0 QTR2YR1 QTR2YR2 QTR2YR3
               QTR2YR4 QTR2YR5 QTR2YR6 QTR2YR7 QTR2YR8 QTR2YR9 QTR3YR0
               QTR3YR1 QTR3YR2 QTR3YR3 QTR3YR4 QTR3YR5 QTR3YR6 QTR3YR8
               QTR1state1 QTR1state2 QTR1state3 QTR1state4 QTR1state5
               QTR1state6 QTR1state7 QTR1state8 QTR1state9 QTR1state10
               QTR1state11 QTR1state12 QTR1state13 QTR1state14 QTR1state15
               QTR1state16 QTR1state17 QTR1state18 QTR1state19 QTR1state20
               QTR1state21 QTR1state22 QTR1state23 QTR1state24 QTR1state25
               QTR1state26 QTR1state27 QTR1state28 QTR1state29 QTR1state30
               QTR1state31 QTR1state32 QTR1state33 QTR1state34 QTR1state35
               QTR1state36 QTR1state37 QTR1state38 QTR1state39 QTR1state40
               QTR1state41 QTR1state42 QTR1state43 QTR1state44 QTR1state45
               QTR1state46 QTR1state47 QTR1state48 QTR1state49 QTR1state50
               QTR2state1 QTR2state2 QTR2state3 QTR2state4 QTR2state5
               QTR2state6 QTR2state7 QTR2state8 QTR2state9 QTR2state10
               QTR2state11 QTR2state12 QTR2state13 QTR2state14 QTR2state15
               QTR2state16 QTR2state17 QTR2state18 QTR2state19 QTR2state20
               QTR2state21 QTR2state22 QTR2state23 QTR2state24 QTR2state25
               QTR2state26 QTR2state27 QTR2state28 QTR2state29 QTR2state30
               QTR2state31 QTR2state32 QTR2state33 QTR2state34 QTR2state35
               QTR2state36 QTR2state37 QTR2state38 QTR2state39 QTR2state40
               QTR2state41 QTR2state42 QTR2state43 QTR2state44 QTR2state45
               QTR2state46 QTR2state47 QTR2state48 QTR2state49 QTR2state50
               QTR3state1 QTR3state2 QTR3state3 QTR3state4 QTR3state5
               QTR3state6 QTR3state7 QTR3state8 QTR3state9 QTR3state10
               QTR3state11 QTR3state12 QTR3state13 QTR3state14 QTR3state15
               QTR3state16 QTR3state17 QTR3state18 QTR3state19 QTR3state20
               QTR3state21 QTR3state22 QTR3state23 QTR3state24 QTR3state25
               QTR3state26 QTR3state27 QTR3state28 QTR3state29 QTR3state30
               QTR3state31 QTR3state32 QTR3state33 QTR3state34 QTR3state35
               QTR3state36 QTR3state37 QTR3state38 QTR3state39 QTR3state40
               QTR3state41 QTR3state42 QTR3state43 QTR3state44 QTR3state45
               QTR3state46 QTR3state47 QTR3state48 QTR3state49 QTR3state50

. eststo model8

. 
. **********  Table Decoration ********
. 
. label variable EDUC   "Years of education"

. label variable RACE   "Race(1 = black)"

. label variable SMSA   "SMSA (1 = center city)"

. label variable MARRIED   "Married (1 = married)"

. label variable AGEQ   "Age"

. label variable AGEQSQ   "Age-squared"

. 
. esttab, r2 ar2 se scalar(rmse) varwidth(25) label order(EDUC RACE SMSA MARRIED AGEQ AGEQSQ) title("TABLE VII") nonumbers mtitles("(1) OLS" "(2) TSLS" "(3) OLS" "(4) TSLS" "(5) OLS" "(6) TSLS" "(7)
>  OLS" "(8) TSLS")

TABLE VII
---------------------------------------------------------------------------------------------------------------------------------------------------------
                               (1) OLS        (2) TSLS         (3) OLS        (4) TSLS         (5) OLS        (6) TSLS         (7) OLS        (8) TSLS   
---------------------------------------------------------------------------------------------------------------------------------------------------------
Years of education              0.0673***       0.0928***       0.0673***       0.0907***       0.0628***       0.0831***       0.0628***       0.0811***
                            (0.000346)       (0.00930)      (0.000346)        (0.0107)      (0.000344)       (0.00949)      (0.000344)        (0.0109)   

Race(1 = black)                                                                                 -0.255***       -0.233***       -0.255***       -0.235***
                                                                                             (0.00435)        (0.0109)       (0.00435)        (0.0122)   

SMSA (1 = center city)                                                                          -0.171***       -0.151***       -0.170***       -0.153***
                                                                                             (0.00289)       (0.00948)       (0.00289)        (0.0107)   

Married (1 = married)                                                                            0.249***        0.244***        0.249***        0.244***
                                                                                             (0.00316)       (0.00399)       (0.00316)       (0.00420)   

Age                                                            -0.0757         -0.0880                                         -0.0778         -0.0876   
                                                              (0.0617)        (0.0624)                                        (0.0603)        (0.0609)   

Age-squared                                                   0.000752        0.000942                                        0.000789        0.000938   
                                                            (0.000684)      (0.000694)                                      (0.000669)      (0.000677)   

YR0                             0.0439***       0.0592***        0.115**        0.0849*         0.0305***       0.0432***       0.0896*         0.0686   
                             (0.00482)       (0.00741)        (0.0361)        (0.0388)       (0.00471)       (0.00757)        (0.0353)        (0.0376)   

YR1                             0.0387***       0.0504***        0.108***       0.0809*         0.0266***       0.0363***       0.0854**        0.0665*  
                             (0.00494)       (0.00656)        (0.0325)        (0.0349)       (0.00483)       (0.00663)        (0.0318)        (0.0338)   

YR2                             0.0332***       0.0432***       0.0989***       0.0765*         0.0222***       0.0305***       0.0792**        0.0636*  
                             (0.00487)       (0.00611)        (0.0296)        (0.0315)       (0.00476)       (0.00615)        (0.0289)        (0.0305)   

YR3                             0.0313***       0.0398***       0.0921***       0.0740**        0.0224***       0.0294***       0.0761**        0.0634*  
                             (0.00493)       (0.00584)        (0.0270)        (0.0284)       (0.00482)       (0.00583)        (0.0264)        (0.0275)   

YR4                             0.0278***       0.0352***       0.0822***       0.0684**        0.0198***       0.0260***       0.0684**        0.0590*  
                             (0.00488)       (0.00562)        (0.0243)        (0.0252)       (0.00477)       (0.00559)        (0.0237)        (0.0245)   

YR5                             0.0162***       0.0220***       0.0628**        0.0524*         0.0100*         0.0147**        0.0521*         0.0449*  
                             (0.00485)       (0.00532)        (0.0212)        (0.0219)       (0.00474)       (0.00524)        (0.0207)        (0.0213)   

YR6                             0.0167***       0.0214***       0.0539**        0.0470**        0.0106*         0.0145**        0.0445**        0.0399*  
                             (0.00485)       (0.00517)        (0.0176)        (0.0180)       (0.00474)       (0.00510)        (0.0172)        (0.0175)   

YR7                             0.0115*         0.0146**        0.0378**        0.0335*        0.00795          0.0105*         0.0321*         0.0293*  
                             (0.00480)       (0.00497)        (0.0132)        (0.0134)       (0.00469)       (0.00487)        (0.0129)        (0.0130)   

YR8                             0.0107*         0.0118*         0.0247**        0.0222**       0.00831         0.00923*         0.0212**        0.0196*  
                             (0.00476)       (0.00481)       (0.00820)       (0.00833)       (0.00465)       (0.00469)       (0.00802)       (0.00810)   

SOB==     1.0000                -0.153***      -0.0959**        -0.153***      -0.0998**        0.0119        -0.00624          0.0120        -0.00895   
                              (0.0410)        (0.0306)        (0.0410)        (0.0321)        (0.0403)        (0.0279)        (0.0403)        (0.0288)   

SOB==     2.0000                 0.106           0.118           0.106           0.118           0.144           0.103           0.144           0.103   
                              (0.0823)        (0.0762)        (0.0823)        (0.0761)        (0.0805)        (0.0744)        (0.0805)        (0.0743)   

SOB==     4.0000              -0.00638          0.0153        -0.00618          0.0142          0.0373         0.00440          0.0374         0.00315   
                              (0.0448)        (0.0313)        (0.0448)        (0.0314)        (0.0439)        (0.0308)        (0.0439)        (0.0309)   

SOB==     5.0000                -0.107**       -0.0539          -0.107**       -0.0576        -0.00687         -0.0246        -0.00675         -0.0274   
                              (0.0413)        (0.0302)        (0.0413)        (0.0315)        (0.0405)        (0.0282)        (0.0405)        (0.0291)   

SOB==     6.0000                0.0208          0.0232          0.0209          0.0238         0.00470         -0.0385         0.00484         -0.0387   
                              (0.0408)        (0.0249)        (0.0408)        (0.0249)        (0.0399)        (0.0244)        (0.0399)        (0.0244)   

SOB==     8.0000               -0.0319         -0.0159         -0.0317         -0.0165         0.00830         -0.0288         0.00844         -0.0296   
                              (0.0421)        (0.0270)        (0.0421)        (0.0270)        (0.0413)        (0.0265)        (0.0413)        (0.0265)   

SOB==     9.0000               -0.0188        -0.00287         -0.0186        -0.00333         0.00944         -0.0313         0.00968         -0.0316   
                              (0.0417)        (0.0263)        (0.0417)        (0.0263)        (0.0411)        (0.0263)        (0.0411)        (0.0263)   

SOB==    10.0000               -0.0629         -0.0205         -0.0628         -0.0233          0.0604          0.0373          0.0605          0.0351   
                              (0.0480)        (0.0375)        (0.0480)        (0.0381)        (0.0471)        (0.0364)        (0.0471)        (0.0368)   

SOB==    11.0000               0.00120         0.00445         0.00130         0.00496           0.135**        0.0819**         0.135**        0.0828** 
                              (0.0442)        (0.0302)        (0.0442)        (0.0302)        (0.0434)        (0.0300)        (0.0434)        (0.0300)   

SOB==    12.0000                -0.151***       -0.119***       -0.151***       -0.121***      -0.0247         -0.0550*        -0.0245         -0.0564*  
                              (0.0417)        (0.0275)        (0.0417)        (0.0279)        (0.0409)        (0.0268)        (0.0409)        (0.0270)   

SOB==    13.0000                -0.172***       -0.110***       -0.172***       -0.114***      -0.0295         -0.0385         -0.0293         -0.0421   
                              (0.0410)        (0.0317)        (0.0410)        (0.0336)        (0.0403)        (0.0300)        (0.0403)        (0.0315)   

SOB==    15.0000                     0          0.0183               0          0.0176               0         -0.0332               0         -0.0345   
                                   (.)        (0.0474)             (.)        (0.0474)             (.)        (0.0466)             (.)        (0.0466)   

SOB==    16.0000               -0.0483         -0.0377         -0.0480         -0.0378         0.00869         -0.0365         0.00884         -0.0365   
                              (0.0434)        (0.0289)        (0.0434)        (0.0288)        (0.0425)        (0.0281)        (0.0425)        (0.0281)   

SOB==    17.0000                0.0529          0.0680**        0.0530          0.0675**        0.0349         -0.0152          0.0350         -0.0146   
                              (0.0407)        (0.0246)        (0.0407)        (0.0246)        (0.0399)        (0.0243)        (0.0399)        (0.0243)   

SOB==    18.0000              0.000257          0.0302        0.000468          0.0286         -0.0223         -0.0620*        -0.0222         -0.0625*  
                              (0.0410)        (0.0261)        (0.0410)        (0.0265)        (0.0402)        (0.0248)        (0.0402)        (0.0248)   

SOB==    19.0000               -0.0537         -0.0331         -0.0535         -0.0340          0.0130         -0.0302          0.0132         -0.0304   
                              (0.0411)        (0.0256)        (0.0411)        (0.0257)        (0.0404)        (0.0249)        (0.0404)        (0.0249)   

SOB==    20.0000               -0.0794         -0.0670**       -0.0793         -0.0673**     -0.000323         -0.0492       -0.000191         -0.0488   
                              (0.0414)        (0.0258)        (0.0414)        (0.0258)        (0.0406)        (0.0254)        (0.0406)        (0.0254)   

SOB==    21.0000               -0.0414          0.0269         -0.0412          0.0219          0.0371          0.0297          0.0373          0.0259   
                              (0.0410)        (0.0331)        (0.0410)        (0.0352)        (0.0403)        (0.0304)        (0.0403)        (0.0319)   

SOB==    22.0000               -0.0580         -0.0103         -0.0580         -0.0136          0.0821*         0.0593*         0.0821*         0.0570*  
                              (0.0412)        (0.0291)        (0.0412)        (0.0302)        (0.0406)        (0.0274)        (0.0406)        (0.0280)   

SOB==    23.0000                -0.165***       -0.124***       -0.165***       -0.127***       -0.112**        -0.137***       -0.112**        -0.139***
                              (0.0424)        (0.0296)        (0.0424)        (0.0303)        (0.0419)        (0.0289)        (0.0419)        (0.0294)   

SOB==    24.0000               -0.0349         0.00352         -0.0347         0.00117          0.0694          0.0457          0.0696          0.0437   
                              (0.0416)        (0.0282)        (0.0416)        (0.0288)        (0.0409)        (0.0277)        (0.0409)        (0.0282)   

SOB==    25.0000               -0.0427         -0.0308         -0.0424         -0.0310         -0.0136         -0.0577*        -0.0133         -0.0577*  
                              (0.0409)        (0.0249)        (0.0409)        (0.0249)        (0.0404)        (0.0250)        (0.0404)        (0.0250)   

SOB==    26.0000                0.0738          0.0979***       0.0740          0.0967***       0.0405        -0.00331          0.0406        -0.00338   
                              (0.0408)        (0.0253)        (0.0408)        (0.0254)        (0.0400)        (0.0244)        (0.0400)        (0.0243)   

SOB==    27.0000              -0.00269          0.0166        -0.00248          0.0159          0.0528          0.0100          0.0530         0.00986   
                              (0.0411)        (0.0255)        (0.0411)        (0.0255)        (0.0404)        (0.0249)        (0.0404)        (0.0249)   

SOB==    28.0000                -0.174***       -0.111***       -0.174***       -0.116***       0.0315          0.0120          0.0316         0.00943   
                              (0.0412)        (0.0322)        (0.0412)        (0.0340)        (0.0406)        (0.0280)        (0.0406)        (0.0288)   

SOB==    29.0000               -0.0395        -0.00779         -0.0394        -0.00965          0.0299        -0.00435          0.0301        -0.00540   
                              (0.0409)        (0.0263)        (0.0409)        (0.0267)        (0.0402)        (0.0252)        (0.0402)        (0.0253)   

SOB==    30.0000               -0.0750         -0.0604*        -0.0748         -0.0608*        -0.0135         -0.0550         -0.0133         -0.0553   
                              (0.0438)        (0.0295)        (0.0438)        (0.0295)        (0.0429)        (0.0288)        (0.0429)        (0.0288)   

SOB==    31.0000               -0.0623         -0.0473         -0.0621         -0.0477         0.00530         -0.0402         0.00549         -0.0401   
                              (0.0418)        (0.0265)        (0.0418)        (0.0265)        (0.0410)        (0.0259)        (0.0410)        (0.0259)   

SOB==    32.0000              0.000542          0.0130        0.000317          0.0125          0.0458         0.00335          0.0456         0.00290   
                              (0.0542)        (0.0436)        (0.0542)        (0.0436)        (0.0531)        (0.0426)        (0.0531)        (0.0425)   

SOB==    33.0000                -0.133**       -0.0989**        -0.133**        -0.101**       -0.0731          -0.104***      -0.0730          -0.105***
                              (0.0444)        (0.0317)        (0.0444)        (0.0321)        (0.0437)        (0.0309)        (0.0437)        (0.0311)   

SOB==    34.0000                0.0172          0.0301          0.0174          0.0299          0.0450        -0.00450          0.0452        -0.00395   
                              (0.0410)        (0.0250)        (0.0410)        (0.0250)        (0.0402)        (0.0249)        (0.0402)        (0.0249)   

SOB==    35.0000               -0.0820         -0.0472         -0.0819         -0.0494         -0.0271         -0.0517         -0.0270         -0.0538   
                              (0.0440)        (0.0312)        (0.0440)        (0.0316)        (0.0431)        (0.0306)        (0.0431)        (0.0310)   

SOB==    36.0000               0.00846          0.0145         0.00868          0.0148          0.0327         -0.0215          0.0329         -0.0205   
                              (0.0406)        (0.0244)        (0.0406)        (0.0243)        (0.0399)        (0.0245)        (0.0399)        (0.0246)   

SOB==    37.0000                -0.209***       -0.152***       -0.209***       -0.156***      -0.0622         -0.0756**       -0.0620         -0.0788** 
                              (0.0409)        (0.0305)        (0.0409)        (0.0320)        (0.0402)        (0.0288)        (0.0402)        (0.0299)   

SOB==    38.0000               -0.0230         0.00237         -0.0228         0.00107          0.0189         -0.0161          0.0191         -0.0171   
                              (0.0428)        (0.0286)        (0.0428)        (0.0287)        (0.0419)        (0.0278)        (0.0419)        (0.0279)   

SOB==    39.0000                0.0123          0.0377          0.0124          0.0364         -0.0117         -0.0544*        -0.0115         -0.0546*  
                              (0.0407)        (0.0253)        (0.0407)        (0.0255)        (0.0399)        (0.0243)        (0.0399)        (0.0242)   

SOB==    40.0000               -0.0616         -0.0377         -0.0615         -0.0389         0.00399         -0.0314         0.00414         -0.0324   
                              (0.0411)        (0.0258)        (0.0411)        (0.0260)        (0.0403)        (0.0253)        (0.0403)        (0.0254)   

SOB==    41.0000               -0.0114        -0.00341         -0.0112        -0.00324         -0.0171         -0.0582*        -0.0169         -0.0585*  
                              (0.0427)        (0.0277)        (0.0427)        (0.0277)        (0.0417)        (0.0273)        (0.0417)        (0.0273)   

SOB==    42.0000               -0.0221         0.00582         -0.0219         0.00431         0.00343         -0.0353         0.00359         -0.0358   
                              (0.0406)        (0.0253)        (0.0406)        (0.0256)        (0.0399)        (0.0244)        (0.0399)        (0.0244)   

SOB==    44.0000                -0.107*        -0.0813**        -0.107*        -0.0827**       -0.0867*         -0.119***      -0.0865*         -0.120***
                              (0.0432)        (0.0293)        (0.0432)        (0.0295)        (0.0426)        (0.0292)        (0.0426)        (0.0294)   

SOB==    45.0000                -0.233***       -0.165***       -0.233***       -0.170***      -0.0526         -0.0614*        -0.0526         -0.0651*  
                              (0.0413)        (0.0334)        (0.0413)        (0.0355)        (0.0406)        (0.0306)        (0.0406)        (0.0320)   

SOB==    46.0000               -0.0761         -0.0571*        -0.0759         -0.0578*       -0.00854         -0.0520        -0.00838         -0.0521   
                              (0.0431)        (0.0287)        (0.0431)        (0.0287)        (0.0423)        (0.0279)        (0.0423)        (0.0279)   

SOB==    47.0000                -0.105*        -0.0433          -0.104*        -0.0476          0.0196         0.00747          0.0198         0.00417   
                              (0.0410)        (0.0315)        (0.0410)        (0.0333)        (0.0403)        (0.0293)        (0.0403)        (0.0305)   

SOB==    48.0000               -0.0649         -0.0323         -0.0648         -0.0343          0.0123         -0.0165          0.0124         -0.0182   
                              (0.0407)        (0.0260)        (0.0407)        (0.0265)        (0.0400)        (0.0256)        (0.0400)        (0.0259)   

SOB==    49.0000               -0.0126         -0.0125         -0.0124         -0.0117          0.0182         -0.0304          0.0183         -0.0300   
                              (0.0428)        (0.0282)        (0.0428)        (0.0282)        (0.0421)        (0.0273)        (0.0421)        (0.0273)   

SOB==    50.0000                -0.191***       -0.152***       -0.191***       -0.154***       -0.126**        -0.154***       -0.126**        -0.155***
                              (0.0451)        (0.0333)        (0.0451)        (0.0338)        (0.0444)        (0.0322)        (0.0444)        (0.0325)   

SOB==    51.0000                -0.121**       -0.0578          -0.121**       -0.0623          0.0172         0.00842          0.0174         0.00480   
                              (0.0411)        (0.0320)        (0.0411)        (0.0339)        (0.0404)        (0.0302)        (0.0404)        (0.0316)   

SOB==    53.0000                0.0353          0.0429          0.0356          0.0431          0.0256         -0.0149          0.0258         -0.0153   
                              (0.0418)        (0.0263)        (0.0418)        (0.0263)        (0.0408)        (0.0259)        (0.0408)        (0.0259)   

SOB==    54.0000               -0.0254          0.0290         -0.0252          0.0253          0.0315          0.0176          0.0316          0.0145   
                              (0.0412)        (0.0303)        (0.0412)        (0.0317)        (0.0404)        (0.0290)        (0.0404)        (0.0301)   

SOB==    55.0000               -0.0252       -0.000217         -0.0250        -0.00149         -0.0506         -0.0942***      -0.0504         -0.0943***
                              (0.0410)        (0.0257)        (0.0410)        (0.0259)        (0.0402)        (0.0247)        (0.0402)        (0.0247)   

SOB==    56.0000              -0.00891               0        -0.00880               0          0.0453               0          0.0453               0   
                              (0.0469)             (.)        (0.0469)             (.)        (0.0460)             (.)        (0.0460)             (.)   

NEWENG                                                                                         -0.0787***      -0.0673***      -0.0788***      -0.0685***
                                                                                             (0.00785)       (0.00952)       (0.00785)       (0.00997)   

MIDATL                                                                                         -0.0614***      -0.0422***      -0.0615***      -0.0442***
                                                                                             (0.00562)        (0.0106)       (0.00562)        (0.0117)   

ENOCENT                                                                                         0.0164**        0.0385***       0.0163**        0.0362** 
                                                                                             (0.00499)        (0.0115)       (0.00499)        (0.0128)   

WNOCENT                                                                                         -0.120***       -0.104***       -0.120***       -0.106***
                                                                                             (0.00609)       (0.00960)       (0.00609)        (0.0104)   

SOATL                                                                                           -0.127***       -0.120***       -0.127***       -0.121***
                                                                                             (0.00533)       (0.00620)       (0.00533)       (0.00644)   

ESOCENT                                                                                         -0.177***       -0.164***       -0.177***       -0.166***
                                                                                             (0.00687)       (0.00916)       (0.00687)       (0.00975)   

WSOCENT                                                                                         -0.113***       -0.103***       -0.113***       -0.104***
                                                                                             (0.00588)       (0.00745)       (0.00588)       (0.00787)   

MT                                                                                             -0.0936***      -0.0889***      -0.0936***      -0.0894***
                                                                                             (0.00634)       (0.00673)       (0.00634)       (0.00683)   

Constant                         5.060***        4.698***        6.895***        6.749***        4.980***        4.736***        6.837***        6.778***
                              (0.0408)         (0.131)         (1.383)         (1.394)        (0.0400)         (0.137)         (1.353)         (1.359)   
---------------------------------------------------------------------------------------------------------------------------------------------------------
Observations                    329509          329509          329509          329509          329509          329509          329509          329509   
R-squared                        0.129           0.114           0.129           0.117           0.167           0.158           0.167           0.160   
Adjusted R-squared               0.129           0.114           0.129           0.117           0.167           0.158           0.167           0.160   
rmse                             0.634           0.639           0.634           0.638           0.620           0.623           0.620           0.622   
---------------------------------------------------------------------------------------------------------------------------------------------------------
Standard errors in parentheses
* p<0.05, ** p<0.01, *** p<0.001

. 
. log close
      name:  <unnamed>
       log:  C:\Users\Win\OneDrive - Chulalongkorn University\Chula\junior2\Microecono\reproduce_project\02_logfile\Table_VII.log
  log type:  text
 closed on:   8 Apr 2020, 20:23:41
------------------------------------------------------------------------------------------------------------------------------------------------------------------------------------------------------
